<?xml version="1.0" encoding="UTF-8"?>
<!-- Generated by org.testng.reporters.JUnitXMLReporter -->
<testsuite ignored="0" hostname="Valis-MacBook-Pro.local" failures="0" tests="5" name="Checkout Validation Tests" time="12.575" errors="0" timestamp="2026-05-23T20:06:23 EEST">
  <testcase classname="UITests.TestLoginPage" name="testFailsWhenCredentialsAreInvalid" time="1.096"/>
  <testcase classname="UITests.TestLoginPage" name="testFailsWhenUsernameIsNotProvided" time="1.122"/>
  <testcase classname="UITests.TestLoginPage" name="testFailsWhenPasswordIsNotProvided" time="1.614"/>
  <testcase classname="UITests.TestLoginPage" name="testLoginWithValidCredentials" time="0.773"/>
  <testcase classname="UITests.TestLoginPage" name="testFailsWhenUsingLockedUpUserCredentials" time="0.582"/>
</testsuite> <!-- Checkout Validation Tests -->
