<?xml version="1.0" encoding="UTF-8"?>
<testsuite xmlns:xsi="http://www.w3.org/2001/XMLSchema-instance" xsi:noNamespaceSchemaLocation="https://maven.apache.org/surefire/maven-surefire-plugin/xsd/surefire-test-report.xsd" version="3.0.2" name="TestSuite" time="13.589" tests="5" errors="0" skipped="0" failures="0">
  <properties>
[...]
</properties>
  <testcase name="testFailsWhenUsernameIsNotProvided" classname="UITests.TestLoginPage" time="1.109">
    <system-out><![CDATA[Launching browser framework configuration for: chrome
Launching browser framework configuration for: chrome
Launching browser framework configuration for: chrome
]]></system-out>
    <system-err><![CDATA[SLF4J(W): No SLF4J providers were found.
SLF4J(W): Defaulting to no-operation (NOP) logger implementation
SLF4J(W): See https://www.slf4j.org/codes.html#noProviders for further details.
]]></system-err>
  </testcase>
  <testcase name="testFailsWhenCredentialsAreInvalid" classname="UITests.TestLoginPage" time="1.156"/>
  <testcase name="testFailsWhenPasswordIsNotProvided" classname="UITests.TestLoginPage" time="1.616">
    <system-out><![CDATA[Launching browser framework configuration for: chrome
]]></system-out>
  </testcase>
  <testcase name="testLoginWithValidCredentials" classname="UITests.TestLoginPage" time="0.433">
    <system-out><![CDATA[Launching browser framework configuration for: chrome
]]></system-out>
  </testcase>
  <testcase name="testFailsWhenUsingLockedUpUserCredentials" classname="UITests.TestLoginPage" time="0.583"/>
</testsuite>