<?xml version="1.0" encoding="UTF-8"?>
<testng-results ignored="0" total="5" passed="5" failed="0" skipped="0">
  <reporter-output>
  </reporter-output>
  <suite started-at="2026-05-23T20:06:10 EEST" name="SauceLabs Automation Suite" finished-at="2026-05-23T20:06:22 EEST" duration-ms="12575">
    <groups>
    </groups>
    <test started-at="2026-05-23T20:06:10 EEST" name="Checkout Validation Tests" finished-at="2026-05-23T20:06:22 EEST" duration-ms="12575">
      <class name="UITests.TestLoginPage">
        <test-method is-config="true" signature="setUp()[pri:0, instance:UITests.TestLoginPage@52af26ee]" started-at="2026-05-23T20:06:10 EEST" name="setUp" finished-at="2026-05-23T20:06:16 EEST" duration-ms="6502" status="PASS">
          <reporter-output>
          </reporter-output>
        </test-method> <!-- setUp -->
        <test-method is-config="true" signature="setUp()[pri:0, instance:UITests.TestLoginPage@52af26ee]" started-at="2026-05-23T20:06:10 EEST" name="setUp" finished-at="2026-05-23T20:06:16 EEST" duration-ms="6232" status="PASS">
          <reporter-output>
          </reporter-output>
        </test-method> <!-- setUp -->
        <test-method is-config="true" signature="setUp()[pri:0, instance:UITests.TestLoginPage@52af26ee]" started-at="2026-05-23T20:06:10 EEST" name="setUp" finished-at="2026-05-23T20:06:16 EEST" duration-ms="5724" status="PASS">
          <reporter-output>
          </reporter-output>
        </test-method> <!-- setUp -->
        <test-method signature="testFailsWhenUsernameIsNotProvided()[pri:0, instance:UITests.TestLoginPage@52af26ee]" started-at="2026-05-23T20:06:16 EEST" name="testFailsWhenUsernameIsNotProvided" finished-at="2026-05-23T20:06:17 EEST" duration-ms="1122" status="PASS">
          <reporter-output>
          </reporter-output>
        </test-method> <!-- testFailsWhenUsernameIsNotProvided -->
        <test-method signature="testFailsWhenCredentialsAreInvalid()[pri:0, instance:UITests.TestLoginPage@52af26ee]" started-at="2026-05-23T20:06:16 EEST" name="testFailsWhenCredentialsAreInvalid" finished-at="2026-05-23T20:06:17 EEST" duration-ms="1096" status="PASS">
          <reporter-output>
          </reporter-output>
        </test-method> <!-- testFailsWhenCredentialsAreInvalid -->
        <test-method signature="testFailsWhenPasswordIsNotProvided()[pri:0, instance:UITests.TestLoginPage@52af26ee]" started-at="2026-05-23T20:06:16 EEST" name="testFailsWhenPasswordIsNotProvided" finished-at="2026-05-23T20:06:18 EEST" duration-ms="1614" status="PASS">
          <reporter-output>
          </reporter-output>
        </test-method> <!-- testFailsWhenPasswordIsNotProvided -->
        <test-method is-config="true" signature="tearDown()[pri:0, instance:UITests.TestLoginPage@52af26ee]" started-at="2026-05-23T20:06:18 EEST" name="tearDown" finished-at="2026-05-23T20:06:18 EEST" duration-ms="254" status="PASS">
          <reporter-output>
          </reporter-output>
        </test-method> <!-- tearDown -->
        <test-method is-config="true" signature="tearDown()[pri:0, instance:UITests.TestLoginPage@52af26ee]" started-at="2026-05-23T20:06:18 EEST" name="tearDown" finished-at="2026-05-23T20:06:18 EEST" duration-ms="487" status="PASS">
          <reporter-output>
          </reporter-output>
        </test-method> <!-- tearDown -->
        <test-method is-config="true" signature="setUp()[pri:0, instance:UITests.TestLoginPage@52af26ee]" started-at="2026-05-23T20:06:18 EEST" name="setUp" finished-at="2026-05-23T20:06:21 EEST" duration-ms="3696" status="PASS">
          <reporter-output>
          </reporter-output>
        </test-method> <!-- setUp -->
        <test-method is-config="true" signature="setUp()[pri:0, instance:UITests.TestLoginPage@52af26ee]" started-at="2026-05-23T20:06:18 EEST" name="setUp" finished-at="2026-05-23T20:06:21 EEST" duration-ms="3130" status="PASS">
          <reporter-output>
          </reporter-output>
        </test-method> <!-- setUp -->
        <test-method is-config="true" signature="tearDown()[pri:0, instance:UITests.TestLoginPage@52af26ee]" started-at="2026-05-23T20:06:18 EEST" name="tearDown" finished-at="2026-05-23T20:06:21 EEST" duration-ms="2936" status="PASS">
          <reporter-output>
          </reporter-output>
        </test-method> <!-- tearDown -->
        <test-method signature="testLoginWithValidCredentials()[pri:0, instance:UITests.TestLoginPage@52af26ee]" started-at="2026-05-23T20:06:21 EEST" name="testLoginWithValidCredentials" finished-at="2026-05-23T20:06:22 EEST" duration-ms="773" status="PASS">
          <reporter-output>
          </reporter-output>
        </test-method> <!-- testLoginWithValidCredentials -->
        <test-method signature="testFailsWhenUsingLockedUpUserCredentials()[pri:0, instance:UITests.TestLoginPage@52af26ee]" started-at="2026-05-23T20:06:21 EEST" name="testFailsWhenUsingLockedUpUserCredentials" finished-at="2026-05-23T20:06:22 EEST" duration-ms="582" status="PASS">
          <reporter-output>
          </reporter-output>
        </test-method> <!-- testFailsWhenUsingLockedUpUserCredentials -->
        <test-method is-config="true" signature="tearDown()[pri:0, instance:UITests.TestLoginPage@52af26ee]" started-at="2026-05-23T20:06:22 EEST" name="tearDown" finished-at="2026-05-23T20:06:22 EEST" duration-ms="129" status="PASS">
          <reporter-output>
          </reporter-output>
        </test-method> <!-- tearDown -->
        <test-method is-config="true" signature="tearDown()[pri:0, instance:UITests.TestLoginPage@52af26ee]" started-at="2026-05-23T20:06:22 EEST" name="tearDown" finished-at="2026-05-23T20:06:22 EEST" duration-ms="122" status="PASS">
          <reporter-output>
          </reporter-output>
        </test-method> <!-- tearDown -->
      </class> <!-- UITests.TestLoginPage -->
    </test> <!-- Checkout Validation Tests -->
  </suite> <!-- SauceLabs Automation Suite -->
</testng-results>
