<?xml version="1.0" encoding="UTF-8"?>
<!-- Generated by org.testng.reporters.JUnitReportReporter -->
<testsuite hostname="Valis-MacBook-Pro.local" failures="0" tests="5" name="UITests.TestLoginPage" time="34.399" errors="0" timestamp="2026-05-23T20:06:23 EEST" skipped="0">
  <testcase classname="UITests.TestLoginPage" name="testLoginWithValidCredentials" time="4.723"/>
  <testcase classname="UITests.TestLoginPage" name="testFailsWhenCredentialsAreInvalid" time="4.355"/>
  <testcase classname="UITests.TestLoginPage" name="testFailsWhenUsingLockedUpUserCredentials" time="10.020"/>
  <testcase classname="UITests.TestLoginPage" name="testFailsWhenPasswordIsNotProvided" time="8.333"/>
  <testcase classname="UITests.TestLoginPage" name="testFailsWhenUsernameIsNotProvided" time="6.968"/>
</testsuite> <!-- UITests.TestLoginPage -->
